<?xml version="1.0" encoding="UTF-8"?>
<!-- Generated by org.testng.reporters.JUnitReportReporter -->
<testsuite hostname="Afiqdes" failures="0" tests="2" name="test.Excel_Blockcurrentday_Manualcheckincheckout" time="82.419" errors="0" timestamp="2024-10-16T16:19:53 IST" skipped="0">
  <testcase classname="test.Excel_Blockcurrentday_Manualcheckincheckout" name="DB_setup" time="3.668"/>
  <testcase classname="test.Excel_Blockcurrentday_Manualcheckincheckout" name="test" time="78.751"/>
</testsuite> <!-- test.Excel_Blockcurrentday_Manualcheckincheckout -->
