<?xml version="1.0" encoding="UTF-8"?>
<!-- Generated by org.testng.reporters.JUnitReportReporter -->
<testsuite hostname="QCVM001" failures="0" tests="1" name="issues_bugs.Issue_DB_utility" time="0.984" errors="0" timestamp="2024-09-10T10:32:25 IST" skipped="0">
  <testcase classname="issues_bugs.Issue_DB_utility" name="DB_setup" time="0.984"/>
  <system-out/>
</testsuite> <!-- issues_bugs.Issue_DB_utility -->
