<?xml version="1.0" encoding="UTF-8"?>
<!-- Generated by org.testng.reporters.JUnitReportReporter -->
<testsuite hostname="QCVM001" failures="0" tests="2" name="issues_bugs.Exception_onNewAppmnt" time="1.798" errors="0" timestamp="2024-09-10T10:58:36 IST" skipped="0">
  <testcase classname="issues_bugs.Exception_onNewAppmnt" name="DB_setup" time="0.817"/>
  <system-out/>
  <testcase classname="issues_bugs.Exception_onNewAppmnt" name="test" time="0.981"/>
  <system-out/>
</testsuite> <!-- issues_bugs.Exception_onNewAppmnt -->
