<?xml version="1.0" encoding="UTF-8"?>
<!-- Generated by org.testng.reporters.JUnitReportReporter -->
<testsuite hostname="Afiqdes" failures="0" tests="2" name="test.Excel_DisableApprxTime" time="147.691" errors="0" timestamp="2024-10-18T10:06:17 IST" skipped="0">
  <testcase classname="test.Excel_DisableApprxTime" name="DB_setup" time="2.466"/>
  <system-out/>
  <testcase classname="test.Excel_DisableApprxTime" name="test" time="145.225"/>
  <system-out/>
</testsuite> <!-- test.Excel_DisableApprxTime -->
