<?xml version="1.0" encoding="UTF-8"?>
<!-- Generated by org.testng.reporters.JUnitReportReporter -->
<testsuite hostname="QCVM001" failures="0" tests="2" name="issues_bugs.Exception_onNewappointment" time="56.890" errors="0" timestamp="2024-09-11T11:26:54 IST" skipped="0">
  <testcase classname="issues_bugs.Exception_onNewappointment" name="test" time="56.072"/>
  <system-out/>
  <testcase classname="issues_bugs.Exception_onNewappointment" name="DB_setup" time="0.818"/>
  <system-out/>
</testsuite> <!-- issues_bugs.Exception_onNewappointment -->
