<?xml version="1.0" encoding="UTF-8"?>
<!-- Generated by org.testng.reporters.JUnitReportReporter -->
<testsuite hostname="Afiqdes" failures="0" tests="2" name="test.Excel_DisableApprxTime" time="206.720" errors="0" timestamp="2024-10-18T10:42:15 IST" skipped="0">
  <testcase classname="test.Excel_DisableApprxTime" name="DB_setup" time="2.126"/>
  <system-out/>
  <testcase classname="test.Excel_DisableApprxTime" name="test" time="204.594"/>
  <system-out/>
</testsuite> <!-- test.Excel_DisableApprxTime -->
