<?xml version="1.0" encoding="UTF-8"?>
<!-- Generated by org.testng.reporters.JUnitReportReporter -->
<testsuite hostname="QCVM001" failures="0" tests="2" name="issues_bugs.ScrollDown_issue" time="72.924" errors="0" timestamp="2024-09-11T11:29:15 IST" skipped="0">
  <testcase classname="issues_bugs.ScrollDown_issue" name="DB_setup" time="0.779"/>
  <system-out/>
  <testcase classname="issues_bugs.ScrollDown_issue" name="test" time="72.145"/>
  <system-out/>
</testsuite> <!-- issues_bugs.ScrollDown_issue -->
