<?xml version="1.0" encoding="UTF-8"?>
<!-- Generated by org.testng.reporters.JUnitReportReporter -->
<testsuite hostname="Afiqdes" failures="0" tests="2" name="test.Excel_Blockcurrentday_Manualcheckincheckout" time="83.221" errors="0" timestamp="2024-10-14T09:57:21 IST" skipped="0">
  <testcase classname="test.Excel_Blockcurrentday_Manualcheckincheckout" name="DB_setup" time="3.418"/>
  <system-out/>
  <testcase classname="test.Excel_Blockcurrentday_Manualcheckincheckout" name="test" time="79.803"/>
  <system-out/>
</testsuite> <!-- test.Excel_Blockcurrentday_Manualcheckincheckout -->
