<?xml version="1.0" encoding="UTF-8"?>
<!-- Generated by org.testng.reporters.JUnitReportReporter -->
<testsuite hostname="QCVM001" failures="0" tests="2" name="test.Excel_Patidcreate_restrictedit" time="107.763" errors="0" timestamp="2024-08-30T15:12:11 IST" skipped="0">
  <testcase classname="test.Excel_Patidcreate_restrictedit" name="test" time="107.690"/>
  <system-out/>
  <testcase classname="test.Excel_Patidcreate_restrictedit" name="DB_setup" time="0.073"/>
  <system-out/>
</testsuite> <!-- test.Excel_Patidcreate_restrictedit -->
