<?xml version="1.0" encoding="UTF-8"?>
<!-- Generated by org.testng.reporters.JUnitReportReporter -->
<testsuite hostname="Afiqdes" failures="0" tests="2" name="test.Excel_Blockcurrentday_Manualcheckincheckout" time="95.467" errors="0" timestamp="2024-10-17T17:19:13 IST" skipped="0">
  <testcase classname="test.Excel_Blockcurrentday_Manualcheckincheckout" name="test" time="92.871"/>
  <system-out/>
  <testcase classname="test.Excel_Blockcurrentday_Manualcheckincheckout" name="DB_setup" time="2.596"/>
  <system-out/>
</testsuite> <!-- test.Excel_Blockcurrentday_Manualcheckincheckout -->
