<?xml version="1.0" encoding="UTF-8"?>
<!-- Generated by org.testng.reporters.JUnitReportReporter -->
<testsuite hostname="QCVM001" failures="0" tests="2" name="issues_bugs.M_Exception_onNewAppmnt" time="1.886" errors="0" timestamp="2024-09-10T11:00:10 IST" skipped="0">
  <testcase classname="issues_bugs.M_Exception_onNewAppmnt" name="test" time="1.022"/>
  <system-out/>
  <testcase classname="issues_bugs.M_Exception_onNewAppmnt" name="DB_setup" time="0.864"/>
  <system-out/>
</testsuite> <!-- issues_bugs.M_Exception_onNewAppmnt -->
