<?xml version="1.0" encoding="UTF-8"?>
<!-- Generated by org.testng.reporters.JUnitReportReporter -->
<testsuite hostname="QCVM001" failures="0" tests="2" name="test.Excel_Enable_Edit_forCancelledslot" time="125.498" errors="0" timestamp="2024-08-30T15:12:11 IST" skipped="0">
  <testcase classname="test.Excel_Enable_Edit_forCancelledslot" name="DB_setup" time="0.184"/>
  <system-out/>
  <testcase classname="test.Excel_Enable_Edit_forCancelledslot" name="test" time="125.314"/>
  <system-out/>
</testsuite> <!-- test.Excel_Enable_Edit_forCancelledslot -->
