<?xml version="1.0" encoding="UTF-8"?>
<!-- Generated by org.testng.reporters.JUnitReportReporter -->
<testsuite hostname="QCVM001" failures="0" tests="2" name="test.Exce_Blockcurrentday_Manualcheckincheckout" time="78.132" errors="0" timestamp="2024-08-30T12:24:58 IST" skipped="0">
  <testcase classname="test.Exce_Blockcurrentday_Manualcheckincheckout" name="test" time="77.321"/>
  <system-out/>
  <testcase classname="test.Exce_Blockcurrentday_Manualcheckincheckout" name="DB_setup" time="0.811"/>
  <system-out/>
</testsuite> <!-- test.Exce_Blockcurrentday_Manualcheckincheckout -->
