<?xml version="1.0" encoding="UTF-8"?>
<!-- Generated by org.testng.reporters.JUnitReportReporter -->
<testsuite hostname="QCVM001" failures="0" tests="2" name="issues_bugs.Multiple_appointment_Issue" time="73.758" errors="0" timestamp="2024-09-11T11:25:45 IST" skipped="0">
  <testcase classname="issues_bugs.Multiple_appointment_Issue" name="DB_setup" time="0.839"/>
  <system-out/>
  <testcase classname="issues_bugs.Multiple_appointment_Issue" name="test" time="72.919"/>
  <system-out/>
</testsuite> <!-- issues_bugs.Multiple_appointment_Issue -->
