<?xml version="1.0" encoding="UTF-8"?>
<!-- Generated by org.testng.reporters.JUnitReportReporter -->
<testsuite hostname="QCVM001" failures="0" tests="2" name="test.Excel_Blockcurrentday_Manualcheckincheckout" time="68.447" errors="0" timestamp="2024-10-04T09:53:04 IST" skipped="0">
  <testcase classname="test.Excel_Blockcurrentday_Manualcheckincheckout" name="DB_setup" time="0.766"/>
  <testcase classname="test.Excel_Blockcurrentday_Manualcheckincheckout" name="test" time="67.681"/>
</testsuite> <!-- test.Excel_Blockcurrentday_Manualcheckincheckout -->
